MESH_FILENAME = pre/cartesian_mesh_coarse_coarse.cgns
GEOMETRY_FILENAME = pre/naca0012_geometry.cgns
OUTPUT_FILENAME = output/output.cgns
X_REF = 0.25
Y_REF = 0.0
MACH = 1.1
ALPHA = 1.0
GAMMA = 1.4
K2 = 0.5
K4 = 0.015625
CFL = 3.6
IT_MAX = 1
Mesh dimensions: niNode = 25, njNode = 25
Cell (0,0) faceI1: 0 faceI2: 1 avgAreaI: 74.8558
Cell (0,0) faceJ1: 0 faceJ2: 25 avgAreaJ: 55.6595
Cell (1,0) faceI1: 1 faceI2: 2 avgAreaI: 74.8558
Cell (1,0) faceJ1: 1 faceJ2: 26 avgAreaJ: 27.1124
Cell (2,0) faceI1: 2 faceI2: 3 avgAreaI: 74.8558
Cell (2,0) faceJ1: 2 faceJ2: 27 avgAreaJ: 13.2068
Cell (3,0) faceI1: 3 faceI2: 4 avgAreaI: 74.8558
Cell (3,0) faceJ1: 3 faceJ2: 28 avgAreaJ: 6.43319
Cell (4,0) faceI1: 4 faceI2: 5 avgAreaI: 74.8558
Cell (4,0) faceJ1: 4 faceJ2: 29 avgAreaJ: 3.13369
Cell (5,0) faceI1: 5 faceI2: 6 avgAreaI: 74.8558
Cell (5,0) faceJ1: 5 faceJ2: 30 avgAreaJ: 1.52646
Cell (6,0) faceI1: 6 faceI2: 7 avgAreaI: 74.8558
Cell (6,0) faceJ1: 6 faceJ2: 31 avgAreaJ: 1.0
Cell (7,0) faceI1: 7 faceI2: 8 avgAreaI: 74.8558
Cell (7,0) faceJ1: 7 faceJ2: 32 avgAreaJ: 1.0
Cell (8,0) faceI1: 8 faceI2: 9 avgAreaI: 74.8558
Cell (8,0) faceJ1: 8 faceJ2: 33 avgAreaJ: 1.0
Cell (9,0) faceI1: 9 faceI2: 10 avgAreaI: 74.8558
Cell (9,0) faceJ1: 9 faceJ2: 34 avgAreaJ: 1.0
Cell (10,0) faceI1: 10 faceI2: 11 avgAreaI: 74.8558
Cell (10,0) faceJ1: 10 faceJ2: 35 avgAreaJ: 1.0
Cell (11,0) faceI1: 11 faceI2: 12 avgAreaI: 74.8558
Cell (11,0) faceJ1: 11 faceJ2: 36 avgAreaJ: 1.0
Cell (12,0) faceI1: 12 faceI2: 13 avgAreaI: 74.8558
Cell (12,0) faceJ1: 12 faceJ2: 37 avgAreaJ: 1.0
Cell (13,0) faceI1: 13 faceI2: 14 avgAreaI: 74.8558
Cell (13,0) faceJ1: 13 faceJ2: 38 avgAreaJ: 1.0
Cell (14,0) faceI1: 14 faceI2: 15 avgAreaI: 74.8558
Cell (14,0) faceJ1: 14 faceJ2: 39 avgAreaJ: 1.0
Cell (15,0) faceI1: 15 faceI2: 16 avgAreaI: 74.8558
Cell (15,0) faceJ1: 15 faceJ2: 40 avgAreaJ: 1.0
Cell (16,0) faceI1: 16 faceI2: 17 avgAreaI: 74.8558
Cell (16,0) faceJ1: 16 faceJ2: 41 avgAreaJ: 1.0
Cell (17,0) faceI1: 17 faceI2: 18 avgAreaI: 74.8558
Cell (17,0) faceJ1: 17 faceJ2: 42 avgAreaJ: 1.52646
Cell (18,0) faceI1: 18 faceI2: 19 avgAreaI: 74.8558
Cell (18,0) faceJ1: 18 faceJ2: 43 avgAreaJ: 3.13369
Cell (19,0) faceI1: 19 faceI2: 20 avgAreaI: 74.8558
Cell (19,0) faceJ1: 19 faceJ2: 44 avgAreaJ: 6.43319
Cell (20,0) faceI1: 20 faceI2: 21 avgAreaI: 74.8558
Cell (20,0) faceJ1: 20 faceJ2: 45 avgAreaJ: 13.2068
Cell (21,0) faceI1: 21 faceI2: 22 avgAreaI: 74.8558
Cell (21,0) faceJ1: 21 faceJ2: 46 avgAreaJ: 27.1124
Cell (22,0) faceI1: 22 faceI2: 23 avgAreaI: 74.8558
Cell (22,0) faceJ1: 22 faceJ2: 47 avgAreaJ: 55.6595
Cell (23,0) faceI1: 23 faceI2: 24 avgAreaI: 74.8558
Cell (23,0) faceJ1: 23 faceJ2: 48 avgAreaJ: 74.8558
Cell (0,1) faceI1: 25 faceI2: 26 avgAreaI: 36.4632
Cell (0,1) faceJ1: 25 faceJ2: 50 avgAreaJ: 27.1124
Cell (1,1) faceI1: 26 faceI2: 27 avgAreaI: 36.4632
Cell (1,1) faceJ1: 26 faceJ2: 51 avgAreaJ: 13.2068
Cell (2,1) faceI1: 27 faceI2: 28 avgAreaI: 36.4632
Cell (2,1) faceJ1: 27 faceJ2: 52 avgAreaJ: 6.43319
Cell (3,1) faceI1: 28 faceI2: 29 avgAreaI: 36.4632
Cell (3,1) faceJ1: 28 faceJ2: 53 avgAreaJ: 3.13369
Cell (4,1) faceI1: 29 faceI2: 30 avgAreaI: 36.4632
Cell (4,1) faceJ1: 29 faceJ2: 54 avgAreaJ: 1.52646
Cell (5,1) faceI1: 30 faceI2: 31 avgAreaI: 36.4632
Cell (5,1) faceJ1: 30 faceJ2: 55 avgAreaJ: 1.0
Cell (6,1) faceI1: 31 faceI2: 32 avgAreaI: 36.4632
Cell (6,1) faceJ1: 31 faceJ2: 56 avgAreaJ: 1.0
Cell (7,1) faceI1: 32 faceI2: 33 avgAreaI: 36.4632
Cell (7,1) faceJ1: 32 faceJ2: 57 avgAreaJ: 1.0
Cell (8,1) faceI1: 33 faceI2: 34 avgAreaI: 36.4632
Cell (8,1) faceJ1: 33 faceJ2: 58 avgAreaJ: 1.0
Cell (9,1) faceI1: 34 faceI2: 35 avgAreaI: 36.4632
Cell (9,1) faceJ1: 34 faceJ2: 59 avgAreaJ: 1.0
Cell (10,1) faceI1: 35 faceI2: 36 avgAreaI: 36.4632
Cell (10,1) faceJ1: 35 faceJ2: 60 avgAreaJ: 1.0
Cell (11,1) faceI1: 36 faceI2: 37 avgAreaI: 36.4632
Cell (11,1) faceJ1: 36 faceJ2: 61 avgAreaJ: 1.0
Cell (12,1) faceI1: 37 faceI2: 38 avgAreaI: 36.4632
Cell (12,1) faceJ1: 37 faceJ2: 62 avgAreaJ: 1.0
Cell (13,1) faceI1: 38 faceI2: 39 avgAreaI: 36.4632
Cell (13,1) faceJ1: 38 faceJ2: 63 avgAreaJ: 1.0
Cell (14,1) faceI1: 39 faceI2: 40 avgAreaI: 36.4632
Cell (14,1) faceJ1: 39 faceJ2: 64 avgAreaJ: 1.0
Cell (15,1) faceI1: 40 faceI2: 41 avgAreaI: 36.4632
Cell (15,1) faceJ1: 40 faceJ2: 65 avgAreaJ: 1.0
Cell (16,1) faceI1: 41 faceI2: 42 avgAreaI: 36.4632
Cell (16,1) faceJ1: 41 faceJ2: 66 avgAreaJ: 1.52646
Cell (17,1) faceI1: 42 faceI2: 43 avgAreaI: 36.4632
Cell (17,1) faceJ1: 42 faceJ2: 67 avgAreaJ: 3.13369
Cell (18,1) faceI1: 43 faceI2: 44 avgAreaI: 36.4632
Cell (18,1) faceJ1: 43 faceJ2: 68 avgAreaJ: 6.43319
Cell (19,1) faceI1: 44 faceI2: 45 avgAreaI: 36.4632
Cell (19,1) faceJ1: 44 faceJ2: 69 avgAreaJ: 13.2068
Cell (20,1) faceI1: 45 faceI2: 46 avgAreaI: 36.4632
Cell (20,1) faceJ1: 45 faceJ2: 70 avgAreaJ: 27.1124
Cell (21,1) faceI1: 46 faceI2: 47 avgAreaI: 36.4632
Cell (21,1) faceJ1: 46 faceJ2: 71 avgAreaJ: 55.6595
Cell (22,1) faceI1: 47 faceI2: 48 avgAreaI: 36.4632
Cell (22,1) faceJ1: 47 faceJ2: 72 avgAreaJ: 74.8558
Cell (23,1) faceI1: 48 faceI2: 49 avgAreaI: 36.4632
Cell (23,1) faceJ1: 48 faceJ2: 73 avgAreaJ: 55.6595
Cell (0,2) faceI1: 50 faceI2: 51 avgAreaI: 17.7617
Cell (0,2) faceJ1: 50 faceJ2: 75 avgAreaJ: 13.2068
Cell (1,2) faceI1: 51 faceI2: 52 avgAreaI: 17.7617
Cell (1,2) faceJ1: 51 faceJ2: 76 avgAreaJ: 6.43319
Cell (2,2) faceI1: 52 faceI2: 53 avgAreaI: 17.7617
Cell (2,2) faceJ1: 52 faceJ2: 77 avgAreaJ: 3.13369
Cell (3,2) faceI1: 53 faceI2: 54 avgAreaI: 17.7617
Cell (3,2) faceJ1: 53 faceJ2: 78 avgAreaJ: 1.52646
Cell (4,2) faceI1: 54 faceI2: 55 avgAreaI: 17.7617
Cell (4,2) faceJ1: 54 faceJ2: 79 avgAreaJ: 1.0
Cell (5,2) faceI1: 55 faceI2: 56 avgAreaI: 17.7617
Cell (5,2) faceJ1: 55 faceJ2: 80 avgAreaJ: 1.0
Cell (6,2) faceI1: 56 faceI2: 57 avgAreaI: 17.7617
Cell (6,2) faceJ1: 56 faceJ2: 81 avgAreaJ: 1.0
Cell (7,2) faceI1: 57 faceI2: 58 avgAreaI: 17.7617
Cell (7,2) faceJ1: 57 faceJ2: 82 avgAreaJ: 1.0
Cell (8,2) faceI1: 58 faceI2: 59 avgAreaI: 17.7617
Cell (8,2) faceJ1: 58 faceJ2: 83 avgAreaJ: 1.0
Cell (9,2) faceI1: 59 faceI2: 60 avgAreaI: 17.7617
Cell (9,2) faceJ1: 59 faceJ2: 84 avgAreaJ: 1.0
Cell (10,2) faceI1: 60 faceI2: 61 avgAreaI: 17.7617
Cell (10,2) faceJ1: 60 faceJ2: 85 avgAreaJ: 1.0
Cell (11,2) faceI1: 61 faceI2: 62 avgAreaI: 17.7617
Cell (11,2) faceJ1: 61 faceJ2: 86 avgAreaJ: 1.0
Cell (12,2) faceI1: 62 faceI2: 63 avgAreaI: 17.7617
Cell (12,2) faceJ1: 62 faceJ2: 87 avgAreaJ: 1.0
Cell (13,2) faceI1: 63 faceI2: 64 avgAreaI: 17.7617
Cell (13,2) faceJ1: 63 faceJ2: 88 avgAreaJ: 1.0
Cell (14,2) faceI1: 64 faceI2: 65 avgAreaI: 17.7617
Cell (14,2) faceJ1: 64 faceJ2: 89 avgAreaJ: 1.0
Cell (15,2) faceI1: 65 faceI2: 66 avgAreaI: 17.7617
Cell (15,2) faceJ1: 65 faceJ2: 90 avgAreaJ: 1.52646
Cell (16,2) faceI1: 66 faceI2: 67 avgAreaI: 17.7617
Cell (16,2) faceJ1: 66 faceJ2: 91 avgAreaJ: 3.13369
Cell (17,2) faceI1: 67 faceI2: 68 avgAreaI: 17.7617
Cell (17,2) faceJ1: 67 faceJ2: 92 avgAreaJ: 6.43319
Cell (18,2) faceI1: 68 faceI2: 69 avgAreaI: 17.7617
Cell (18,2) faceJ1: 68 faceJ2: 93 avgAreaJ: 13.2068
Cell (19,2) faceI1: 69 faceI2: 70 avgAreaI: 17.7617
Cell (19,2) faceJ1: 69 faceJ2: 94 avgAreaJ: 27.1124
Cell (20,2) faceI1: 70 faceI2: 71 avgAreaI: 17.7617
Cell (20,2) faceJ1: 70 faceJ2: 95 avgAreaJ: 55.6595
Cell (21,2) faceI1: 71 faceI2: 72 avgAreaI: 17.7617
Cell (21,2) faceJ1: 71 faceJ2: 96 avgAreaJ: 74.8558
Cell (22,2) faceI1: 72 faceI2: 73 avgAreaI: 17.7617
Cell (22,2) faceJ1: 72 faceJ2: 97 avgAreaJ: 55.6595
Cell (23,2) faceI1: 73 faceI2: 74 avgAreaI: 17.7617
Cell (23,2) faceJ1: 73 faceJ2: 98 avgAreaJ: 27.1124
Cell (0,3) faceI1: 75 faceI2: 76 avgAreaI: 8.65193
Cell (0,3) faceJ1: 75 faceJ2: 100 avgAreaJ: 6.43319
Cell (1,3) faceI1: 76 faceI2: 77 avgAreaI: 8.65193
Cell (1,3) faceJ1: 76 faceJ2: 101 avgAreaJ: 3.13369
Cell (2,3) faceI1: 77 faceI2: 78 avgAreaI: 8.65193
Cell (2,3) faceJ1: 77 faceJ2: 102 avgAreaJ: 1.52646
Cell (3,3) faceI1: 78 faceI2: 79 avgAreaI: 8.65193
Cell (3,3) faceJ1: 78 faceJ2: 103 avgAreaJ: 1.0
Cell (4,3) faceI1: 79 faceI2: 80 avgAreaI: 8.65193
Cell (4,3) faceJ1: 79 faceJ2: 104 avgAreaJ: 1.0
Cell (5,3) faceI1: 80 faceI2: 81 avgAreaI: 8.65193
Cell (5,3) faceJ1: 80 faceJ2: 105 avgAreaJ: 1.0
Cell (6,3) faceI1: 81 faceI2: 82 avgAreaI: 8.65193
Cell (6,3) faceJ1: 81 faceJ2: 106 avgAreaJ: 1.0
Cell (7,3) faceI1: 82 faceI2: 83 avgAreaI: 8.65193
Cell (7,3) faceJ1: 82 faceJ2: 107 avgAreaJ: 1.0
Cell (8,3) faceI1: 83 faceI2: 84 avgAreaI: 8.65193
Cell (8,3) faceJ1: 83 faceJ2: 108 avgAreaJ: 1.0
Cell (9,3) faceI1: 84 faceI2: 85 avgAreaI: 8.65193
Cell (9,3) faceJ1: 84 faceJ2: 109 avgAreaJ: 1.0
Cell (10,3) faceI1: 85 faceI2: 86 avgAreaI: 8.65193
Cell (10,3) faceJ1: 85 faceJ2: 110 avgAreaJ: 1.0
Cell (11,3) faceI1: 86 faceI2: 87 avgAreaI: 8.65193
Cell (11,3) faceJ1: 86 faceJ2: 111 avgAreaJ: 1.0
Cell (12,3) faceI1: 87 faceI2: 88 avgAreaI: 8.65193
Cell (12,3) faceJ1: 87 faceJ2: 112 avgAreaJ: 1.0
Cell (13,3) faceI1: 88 faceI2: 89 avgAreaI: 8.65193
Cell (13,3) faceJ1: 88 faceJ2: 113 avgAreaJ: 1.0
Cell (14,3) faceI1: 89 faceI2: 90 avgAreaI: 8.65193
Cell (14,3) faceJ1: 89 faceJ2: 114 avgAreaJ: 1.52646
Cell (15,3) faceI1: 90 faceI2: 91 avgAreaI: 8.65193
Cell (15,3) faceJ1: 90 faceJ2: 115 avgAreaJ: 3.13369
Cell (16,3) faceI1: 91 faceI2: 92 avgAreaI: 8.65193
Cell (16,3) faceJ1: 91 faceJ2: 116 avgAreaJ: 6.43319
Cell (17,3) faceI1: 92 faceI2: 93 avgAreaI: 8.65193
Cell (17,3) faceJ1: 92 faceJ2: 117 avgAreaJ: 13.2068
Cell (18,3) faceI1: 93 faceI2: 94 avgAreaI: 8.65193
Cell (18,3) faceJ1: 93 faceJ2: 118 avgAreaJ: 27.1124
Cell (19,3) faceI1: 94 faceI2: 95 avgAreaI: 8.65193
Cell (19,3) faceJ1: 94 faceJ2: 119 avgAreaJ: 55.6595
Cell (20,3) faceI1: 95 faceI2: 96 avgAreaI: 8.65193
Cell (20,3) faceJ1: 95 faceJ2: 120 avgAreaJ: 74.8558
Cell (21,3) faceI1: 96 faceI2: 97 avgAreaI: 8.65193
Cell (21,3) faceJ1: 96 faceJ2: 121 avgAreaJ: 55.6595
Cell (22,3) faceI1: 97 faceI2: 98 avgAreaI: 8.65193
Cell (22,3) faceJ1: 97 faceJ2: 122 avgAreaJ: 27.1124
Cell (23,3) faceI1: 98 faceI2: 99 avgAreaI: 8.65193
Cell (23,3) faceJ1: 98 faceJ2: 123 avgAreaJ: 13.2068
Cell (0,4) faceI1: 100 faceI2: 101 avgAreaI: 4.21446
Cell (0,4) faceJ1: 100 faceJ2: 125 avgAreaJ: 3.13369
Cell (1,4) faceI1: 101 faceI2: 102 avgAreaI: 4.21446
Cell (1,4) faceJ1: 101 faceJ2: 126 avgAreaJ: 1.52646
Cell (2,4) faceI1: 102 faceI2: 103 avgAreaI: 4.21446
Cell (2,4) faceJ1: 102 faceJ2: 127 avgAreaJ: 1.0
Cell (3,4) faceI1: 103 faceI2: 104 avgAreaI: 4.21446
Cell (3,4) faceJ1: 103 faceJ2: 128 avgAreaJ: 1.0
Cell (4,4) faceI1: 104 faceI2: 105 avgAreaI: 4.21446
Cell (4,4) faceJ1: 104 faceJ2: 129 avgAreaJ: 1.0
Cell (5,4) faceI1: 105 faceI2: 106 avgAreaI: 4.21446
Cell (5,4) faceJ1: 105 faceJ2: 130 avgAreaJ: 1.0
Cell (6,4) faceI1: 106 faceI2: 107 avgAreaI: 4.21446
Cell (6,4) faceJ1: 106 faceJ2: 131 avgAreaJ: 1.0
Cell (7,4) faceI1: 107 faceI2: 108 avgAreaI: 4.21446
Cell (7,4) faceJ1: 107 faceJ2: 132 avgAreaJ: 1.0
Cell (8,4) faceI1: 108 faceI2: 109 avgAreaI: 4.21446
Cell (8,4) faceJ1: 108 faceJ2: 133 avgAreaJ: 1.0
Cell (9,4) faceI1: 109 faceI2: 110 avgAreaI: 4.21446
Cell (9,4) faceJ1: 109 faceJ2: 134 avgAreaJ: 1.0
Cell (10,4) faceI1: 110 faceI2: 111 avgAreaI: 4.21446
Cell (10,4) faceJ1: 110 faceJ2: 135 avgAreaJ: 1.0
Cell (11,4) faceI1: 111 faceI2: 112 avgAreaI: 4.21446
Cell (11,4) faceJ1: 111 faceJ2: 136 avgAreaJ: 1.0
Cell (12,4) faceI1: 112 faceI2: 113 avgAreaI: 4.21446
Cell (12,4) faceJ1: 112 faceJ2: 137 avgAreaJ: 1.0
Cell (13,4) faceI1: 113 faceI2: 114 avgAreaI: 4.21446
Cell (13,4) faceJ1: 113 faceJ2: 138 avgAreaJ: 1.52646
Cell (14,4) faceI1: 114 faceI2: 115 avgAreaI: 4.21446
Cell (14,4) faceJ1: 114 faceJ2: 139 avgAreaJ: 3.13369
Cell (15,4) faceI1: 115 faceI2: 116 avgAreaI: 4.21446
Cell (15,4) faceJ1: 115 faceJ2: 140 avgAreaJ: 6.43319
Cell (16,4) faceI1: 116 faceI2: 117 avgAreaI: 4.21446
Cell (16,4) faceJ1: 116 faceJ2: 141 avgAreaJ: 13.2068
Cell (17,4) faceI1: 117 faceI2: 118 avgAreaI: 4.21446
Cell (17,4) faceJ1: 117 faceJ2: 142 avgAreaJ: 27.1124
Cell (18,4) faceI1: 118 faceI2: 119 avgAreaI: 4.21446
Cell (18,4) faceJ1: 118 faceJ2: 143 avgAreaJ: 55.6595
Cell (19,4) faceI1: 119 faceI2: 120 avgAreaI: 4.21446
Cell (19,4) faceJ1: 119 faceJ2: 144 avgAreaJ: 74.8558
Cell (20,4) faceI1: 120 faceI2: 121 avgAreaI: 4.21446
Cell (20,4) faceJ1: 120 faceJ2: 145 avgAreaJ: 55.6595
Cell (21,4) faceI1: 121 faceI2: 122 avgAreaI: 4.21446
Cell (21,4) faceJ1: 121 faceJ2: 146 avgAreaJ: 27.1124
Cell (22,4) faceI1: 122 faceI2: 123 avgAreaI: 4.21446
Cell (22,4) faceJ1: 122 faceJ2: 147 avgAreaJ: 13.2068
Cell (23,4) faceI1: 123 faceI2: 124 avgAreaI: 4.21446
Cell (23,4) faceJ1: 123 faceJ2: 148 avgAreaJ: 6.43319
Cell (0,5) faceI1: 125 faceI2: 126 avgAreaI: 2.05291
Cell (0,5) faceJ1: 125 faceJ2: 150 avgAreaJ: 1.52646
Cell (1,5) faceI1: 126 faceI2: 127 avgAreaI: 2.05291
Cell (1,5) faceJ1: 126 faceJ2: 151 avgAreaJ: 1.0
Cell (2,5) faceI1: 127 faceI2: 128 avgAreaI: 2.05291
Cell (2,5) faceJ1: 127 faceJ2: 152 avgAreaJ: 1.0
Cell (3,5) faceI1: 128 faceI2: 129 avgAreaI: 2.05291
Cell (3,5) faceJ1: 128 faceJ2: 153 avgAreaJ: 1.0
Cell (4,5) faceI1: 129 faceI2: 130 avgAreaI: 2.05291
Cell (4,5) faceJ1: 129 faceJ2: 154 avgAreaJ: 1.0
Cell (5,5) faceI1: 130 faceI2: 131 avgAreaI: 2.05291
Cell (5,5) faceJ1: 130 faceJ2: 155 avgAreaJ: 1.0
Cell (6,5) faceI1: 131 faceI2: 132 avgAreaI: 2.05291
Cell (6,5) faceJ1: 131 faceJ2: 156 avgAreaJ: 1.0
Cell (7,5) faceI1: 132 faceI2: 133 avgAreaI: 2.05291
Cell (7,5) faceJ1: 132 faceJ2: 157 avgAreaJ: 1.0
Cell (8,5) faceI1: 133 faceI2: 134 avgAreaI: 2.05291
Cell (8,5) faceJ1: 133 faceJ2: 158 avgAreaJ: 1.0
Cell (9,5) faceI1: 134 faceI2: 135 avgAreaI: 2.05291
Cell (9,5) faceJ1: 134 faceJ2: 159 avgAreaJ: 1.0
Cell (10,5) faceI1: 135 faceI2: 136 avgAreaI: 2.05291
Cell (10,5) faceJ1: 135 faceJ2: 160 avgAreaJ: 1.0
Cell (11,5) faceI1: 136 faceI2: 137 avgAreaI: 2.05291
Cell (11,5) faceJ1: 136 faceJ2: 161 avgAreaJ: 1.0
Cell (12,5) faceI1: 137 faceI2: 138 avgAreaI: 2.05291
Cell (12,5) faceJ1: 137 faceJ2: 162 avgAreaJ: 1.52646
Cell (13,5) faceI1: 138 faceI2: 139 avgAreaI: 2.05291
Cell (13,5) faceJ1: 138 faceJ2: 163 avgAreaJ: 3.13369
Cell (14,5) faceI1: 139 faceI2: 140 avgAreaI: 2.05291
Cell (14,5) faceJ1: 139 faceJ2: 164 avgAreaJ: 6.43319
Cell (15,5) faceI1: 140 faceI2: 141 avgAreaI: 2.05291
Cell (15,5) faceJ1: 140 faceJ2: 165 avgAreaJ: 13.2068
Cell (16,5) faceI1: 141 faceI2: 142 avgAreaI: 2.05291
Cell (16,5) faceJ1: 141 faceJ2: 166 avgAreaJ: 27.1124
Cell (17,5) faceI1: 142 faceI2: 143 avgAreaI: 2.05291
Cell (17,5) faceJ1: 142 faceJ2: 167 avgAreaJ: 55.6595
Cell (18,5) faceI1: 143 faceI2: 144 avgAreaI: 2.05291
Cell (18,5) faceJ1: 143 faceJ2: 168 avgAreaJ: 74.8558
Cell (19,5) faceI1: 144 faceI2: 145 avgAreaI: 2.05291
Cell (19,5) faceJ1: 144 faceJ2: 169 avgAreaJ: 55.6595
Cell (20,5) faceI1: 145 faceI2: 146 avgAreaI: 2.05291
Cell (20,5) faceJ1: 145 faceJ2: 170 avgAreaJ: 27.1124
Cell (21,5) faceI1: 146 faceI2: 147 avgAreaI: 2.05291
Cell (21,5) faceJ1: 146 faceJ2: 171 avgAreaJ: 13.2068
Cell (22,5) faceI1: 147 faceI2: 148 avgAreaI: 2.05291
Cell (22,5) faceJ1: 147 faceJ2: 172 avgAreaJ: 6.43319
Cell (23,5) faceI1: 148 faceI2: 149 avgAreaI: 2.05291
Cell (23,5) faceJ1: 148 faceJ2: 173 avgAreaJ: 3.13369
Cell (0,6) faceI1: 150 faceI2: 151 avgAreaI: 1.0
Cell (0,6) faceJ1: 150 faceJ2: 175 avgAreaJ: 1.0
Cell (1,6) faceI1: 151 faceI2: 152 avgAreaI: 1.0
Cell (1,6) faceJ1: 151 faceJ2: 176 avgAreaJ: 1.0
Cell (2,6) faceI1: 152 faceI2: 153 avgAreaI: 1.0
Cell (2,6) faceJ1: 152 faceJ2: 177 avgAreaJ: 1.0
Cell (3,6) faceI1: 153 faceI2: 154 avgAreaI: 1.0
Cell (3,6) faceJ1: 153 faceJ2: 178 avgAreaJ: 1.0
Cell (4,6) faceI1: 154 faceI2: 155 avgAreaI: 1.0
Cell (4,6) faceJ1: 154 faceJ2: 179 avgAreaJ: 1.0
Cell (5,6) faceI1: 155 faceI2: 156 avgAreaI: 1.0
Cell (5,6) faceJ1: 155 faceJ2: 180 avgAreaJ: 1.0
Cell (6,6) faceI1: 156 faceI2: 157 avgAreaI: 1.0
Cell (6,6) faceJ1: 156 faceJ2: 181 avgAreaJ: 1.0
Cell (7,6) faceI1: 157 faceI2: 158 avgAreaI: 1.0
Cell (7,6) faceJ1: 157 faceJ2: 182 avgAreaJ: 1.0
Cell (8,6) faceI1: 158 faceI2: 159 avgAreaI: 1.0
Cell (8,6) faceJ1: 158 faceJ2: 183 avgAreaJ: 1.0
Cell (9,6) faceI1: 159 faceI2: 160 avgAreaI: 1.0
Cell (9,6) faceJ1: 159 faceJ2: 184 avgAreaJ: 1.0
Cell (10,6) faceI1: 160 faceI2: 161 avgAreaI: 1.0
Cell (10,6) faceJ1: 160 faceJ2: 185 avgAreaJ: 1.0
Cell (11,6) faceI1: 161 faceI2: 162 avgAreaI: 1.0
Cell (11,6) faceJ1: 161 faceJ2: 186 avgAreaJ: 1.52646
Cell (12,6) faceI1: 162 faceI2: 163 avgAreaI: 1.0
Cell (12,6) faceJ1: 162 faceJ2: 187 avgAreaJ: 3.13369
Cell (13,6) faceI1: 163 faceI2: 164 avgAreaI: 1.0
Cell (13,6) faceJ1: 163 faceJ2: 188 avgAreaJ: 6.43319
Cell (14,6) faceI1: 164 faceI2: 165 avgAreaI: 1.0
Cell (14,6) faceJ1: 164 faceJ2: 189 avgAreaJ: 13.2068
Cell (15,6) faceI1: 165 faceI2: 166 avgAreaI: 1.0
Cell (15,6) faceJ1: 165 faceJ2: 190 avgAreaJ: 27.1124
Cell (16,6) faceI1: 166 faceI2: 167 avgAreaI: 1.0
Cell (16,6) faceJ1: 166 faceJ2: 191 avgAreaJ: 55.6595
Cell (17,6) faceI1: 167 faceI2: 168 avgAreaI: 1.0
Cell (17,6) faceJ1: 167 faceJ2: 192 avgAreaJ: 74.8558
Cell (18,6) faceI1: 168 faceI2: 169 avgAreaI: 1.0
Cell (18,6) faceJ1: 168 faceJ2: 193 avgAreaJ: 55.6595
Cell (19,6) faceI1: 169 faceI2: 170 avgAreaI: 1.0
Cell (19,6) faceJ1: 169 faceJ2: 194 avgAreaJ: 27.1124
Cell (20,6) faceI1: 170 faceI2: 171 avgAreaI: 1.0
Cell (20,6) faceJ1: 170 faceJ2: 195 avgAreaJ: 13.2068
Cell (21,6) faceI1: 171 faceI2: 172 avgAreaI: 1.0
Cell (21,6) faceJ1: 171 faceJ2: 196 avgAreaJ: 6.43319
Cell (22,6) faceI1: 172 faceI2: 173 avgAreaI: 1.0
Cell (22,6) faceJ1: 172 faceJ2: 197 avgAreaJ: 3.13369
Cell (23,6) faceI1: 173 faceI2: 174 avgAreaI: 1.0
Cell (23,6) faceJ1: 173 faceJ2: 198 avgAreaJ: 1.52646
Cell (0,7) faceI1: 175 faceI2: 176 avgAreaI: 1.0
Cell (0,7) faceJ1: 175 faceJ2: 200 avgAreaJ: 1.0
Cell (1,7) faceI1: 176 faceI2: 177 avgAreaI: 1.0
Cell (1,7) faceJ1: 176 faceJ2: 201 avgAreaJ: 1.0
Cell (2,7) faceI1: 177 faceI2: 178 avgAreaI: 1.0
Cell (2,7) faceJ1: 177 faceJ2: 202 avgAreaJ: 1.0
Cell (3,7) faceI1: 178 faceI2: 179 avgAreaI: 1.0
Cell (3,7) faceJ1: 178 faceJ2: 203 avgAreaJ: 1.0
Cell (4,7) faceI1: 179 faceI2: 180 avgAreaI: 1.0
Cell (4,7) faceJ1: 179 faceJ2: 204 avgAreaJ: 1.0
Cell (5,7) faceI1: 180 faceI2: 181 avgAreaI: 1.0
Cell (5,7) faceJ1: 180 faceJ2: 205 avgAreaJ: 1.0
Cell (6,7) faceI1: 181 faceI2: 182 avgAreaI: 1.0
Cell (6,7) faceJ1: 181 faceJ2: 206 avgAreaJ: 1.0
Cell (7,7) faceI1: 182 faceI2: 183 avgAreaI: 1.0
Cell (7,7) faceJ1: 182 faceJ2: 207 avgAreaJ: 1.0
Cell (8,7) faceI1: 183 faceI2: 184 avgAreaI: 1.0
Cell (8,7) faceJ1: 183 faceJ2: 208 avgAreaJ: 1.0
Cell (9,7) faceI1: 184 faceI2: 185 avgAreaI: 1.0
Cell (9,7) faceJ1: 184 faceJ2: 209 avgAreaJ: 1.0
Cell (10,7) faceI1: 185 faceI2: 186 avgAreaI: 1.0
Cell (10,7) faceJ1: 185 faceJ2: 210 avgAreaJ: 1.52646
Cell (11,7) faceI1: 186 faceI2: 187 avgAreaI: 1.0
Cell (11,7) faceJ1: 186 faceJ2: 211 avgAreaJ: 3.13369
Cell (12,7) faceI1: 187 faceI2: 188 avgAreaI: 1.0
Cell (12,7) faceJ1: 187 faceJ2: 212 avgAreaJ: 6.43319
Cell (13,7) faceI1: 188 faceI2: 189 avgAreaI: 1.0
Cell (13,7) faceJ1: 188 faceJ2: 213 avgAreaJ: 13.2068
Cell (14,7) faceI1: 189 faceI2: 190 avgAreaI: 1.0
Cell (14,7) faceJ1: 189 faceJ2: 214 avgAreaJ: 27.1124
Cell (15,7) faceI1: 190 faceI2: 191 avgAreaI: 1.0
Cell (15,7) faceJ1: 190 faceJ2: 215 avgAreaJ: 55.6595
Cell (16,7) faceI1: 191 faceI2: 192 avgAreaI: 1.0
Cell (16,7) faceJ1: 191 faceJ2: 216 avgAreaJ: 74.8558
Cell (17,7) faceI1: 192 faceI2: 193 avgAreaI: 1.0
Cell (17,7) faceJ1: 192 faceJ2: 217 avgAreaJ: 55.6595
Cell (18,7) faceI1: 193 faceI2: 194 avgAreaI: 1.0
Cell (18,7) faceJ1: 193 faceJ2: 218 avgAreaJ: 27.1124
Cell (19,7) faceI1: 194 faceI2: 195 avgAreaI: 1.0
Cell (19,7) faceJ1: 194 faceJ2: 219 avgAreaJ: 13.2068
Cell (20,7) faceI1: 195 faceI2: 196 avgAreaI: 1.0
Cell (20,7) faceJ1: 195 faceJ2: 220 avgAreaJ: 6.43319
Cell (21,7) faceI1: 196 faceI2: 197 avgAreaI: 1.0
Cell (21,7) faceJ1: 196 faceJ2: 221 avgAreaJ: 3.13369
Cell (22,7) faceI1: 197 faceI2: 198 avgAreaI: 1.0
Cell (22,7) faceJ1: 197 faceJ2: 222 avgAreaJ: 1.52646
Cell (23,7) faceI1: 198 faceI2: 199 avgAreaI: 1.0
Cell (23,7) faceJ1: 198 faceJ2: 223 avgAreaJ: 1.0
Cell (0,8) faceI1: 200 faceI2: 201 avgAreaI: 1.0
Cell (0,8) faceJ1: 200 faceJ2: 225 avgAreaJ: 1.0
Cell (1,8) faceI1: 201 faceI2: 202 avgAreaI: 1.0
Cell (1,8) faceJ1: 201 faceJ2: 226 avgAreaJ: 1.0
Cell (2,8) faceI1: 202 faceI2: 203 avgAreaI: 1.0
Cell (2,8) faceJ1: 202 faceJ2: 227 avgAreaJ: 1.0
Cell (3,8) faceI1: 203 faceI2: 204 avgAreaI: 1.0
Cell (3,8) faceJ1: 203 faceJ2: 228 avgAreaJ: 1.0
Cell (4,8) faceI1: 204 faceI2: 205 avgAreaI: 1.0
Cell (4,8) faceJ1: 204 faceJ2: 229 avgAreaJ: 1.0
Cell (5,8) faceI1: 205 faceI2: 206 avgAreaI: 1.0
Cell (5,8) faceJ1: 205 faceJ2: 230 avgAreaJ: 1.0
Cell (6,8) faceI1: 206 faceI2: 207 avgAreaI: 1.0
Cell (6,8) faceJ1: 206 faceJ2: 231 avgAreaJ: 1.0
Cell (7,8) faceI1: 207 faceI2: 208 avgAreaI: 1.0
Cell (7,8) faceJ1: 207 faceJ2: 232 avgAreaJ: 1.0
Cell (8,8) faceI1: 208 faceI2: 209 avgAreaI: 1.0
Cell (8,8) faceJ1: 208 faceJ2: 233 avgAreaJ: 1.0
Cell (9,8) faceI1: 209 faceI2: 210 avgAreaI: 1.0
Cell (9,8) faceJ1: 209 faceJ2: 234 avgAreaJ: 1.52646
Cell (10,8) faceI1: 210 faceI2: 211 avgAreaI: 1.0
Cell (10,8) faceJ1: 210 faceJ2: 235 avgAreaJ: 3.13369
Cell (11,8) faceI1: 211 faceI2: 212 avgAreaI: 1.0
Cell (11,8) faceJ1: 211 faceJ2: 236 avgAreaJ: 6.43319
Cell (12,8) faceI1: 212 faceI2: 213 avgAreaI: 1.0
Cell (12,8) faceJ1: 212 faceJ2: 237 avgAreaJ: 13.2068
Cell (13,8) faceI1: 213 faceI2: 214 avgAreaI: 1.0
Cell (13,8) faceJ1: 213 faceJ2: 238 avgAreaJ: 27.1124
Cell (14,8) faceI1: 214 faceI2: 215 avgAreaI: 1.0
Cell (14,8) faceJ1: 214 faceJ2: 239 avgAreaJ: 55.6595
Cell (15,8) faceI1: 215 faceI2: 216 avgAreaI: 1.0
Cell (15,8) faceJ1: 215 faceJ2: 240 avgAreaJ: 74.8558
Cell (16,8) faceI1: 216 faceI2: 217 avgAreaI: 1.0
Cell (16,8) faceJ1: 216 faceJ2: 241 avgAreaJ: 55.6595
Cell (17,8) faceI1: 217 faceI2: 218 avgAreaI: 1.0
Cell (17,8) faceJ1: 217 faceJ2: 242 avgAreaJ: 27.1124
Cell (18,8) faceI1: 218 faceI2: 219 avgAreaI: 1.0
Cell (18,8) faceJ1: 218 faceJ2: 243 avgAreaJ: 13.2068
Cell (19,8) faceI1: 219 faceI2: 220 avgAreaI: 1.0
Cell (19,8) faceJ1: 219 faceJ2: 244 avgAreaJ: 6.43319
Cell (20,8) faceI1: 220 faceI2: 221 avgAreaI: 1.0
Cell (20,8) faceJ1: 220 faceJ2: 245 avgAreaJ: 3.13369
Cell (21,8) faceI1: 221 faceI2: 222 avgAreaI: 1.0
Cell (21,8) faceJ1: 221 faceJ2: 246 avgAreaJ: 1.52646
Cell (22,8) faceI1: 222 faceI2: 223 avgAreaI: 1.0
Cell (22,8) faceJ1: 222 faceJ2: 247 avgAreaJ: 1.0
Cell (23,8) faceI1: 223 faceI2: 224 avgAreaI: 1.0
Cell (23,8) faceJ1: 223 faceJ2: 248 avgAreaJ: 1.0
Cell (0,9) faceI1: 225 faceI2: 226 avgAreaI: 1.0
Cell (0,9) faceJ1: 225 faceJ2: 250 avgAreaJ: 1.0
Cell (1,9) faceI1: 226 faceI2: 227 avgAreaI: 1.0
Cell (1,9) faceJ1: 226 faceJ2: 251 avgAreaJ: 1.0
Cell (2,9) faceI1: 227 faceI2: 228 avgAreaI: 1.0
Cell (2,9) faceJ1: 227 faceJ2: 252 avgAreaJ: 1.0
Cell (3,9) faceI1: 228 faceI2: 229 avgAreaI: 1.0
Cell (3,9) faceJ1: 228 faceJ2: 253 avgAreaJ: 1.0
Cell (4,9) faceI1: 229 faceI2: 230 avgAreaI: 1.0
Cell (4,9) faceJ1: 229 faceJ2: 254 avgAreaJ: 1.0
Cell (5,9) faceI1: 230 faceI2: 231 avgAreaI: 1.0
Cell (5,9) faceJ1: 230 faceJ2: 255 avgAreaJ: 1.0
Cell (6,9) faceI1: 231 faceI2: 232 avgAreaI: 1.0
Cell (6,9) faceJ1: 231 faceJ2: 256 avgAreaJ: 1.0
Cell (7,9) faceI1: 232 faceI2: 233 avgAreaI: 1.0
Cell (7,9) faceJ1: 232 faceJ2: 257 avgAreaJ: 1.0
Cell (8,9) faceI1: 233 faceI2: 234 avgAreaI: 1.0
Cell (8,9) faceJ1: 233 faceJ2: 258 avgAreaJ: 1.52646
Cell (9,9) faceI1: 234 faceI2: 235 avgAreaI: 1.0
Cell (9,9) faceJ1: 234 faceJ2: 259 avgAreaJ: 3.13369
Cell (10,9) faceI1: 235 faceI2: 236 avgAreaI: 1.0
Cell (10,9) faceJ1: 235 faceJ2: 260 avgAreaJ: 6.43319
Cell (11,9) faceI1: 236 faceI2: 237 avgAreaI: 1.0
Cell (11,9) faceJ1: 236 faceJ2: 261 avgAreaJ: 13.2068
Cell (12,9) faceI1: 237 faceI2: 238 avgAreaI: 1.0
Cell (12,9) faceJ1: 237 faceJ2: 262 avgAreaJ: 27.1124
Cell (13,9) faceI1: 238 faceI2: 239 avgAreaI: 1.0
Cell (13,9) faceJ1: 238 faceJ2: 263 avgAreaJ: 55.6595
Cell (14,9) faceI1: 239 faceI2: 240 avgAreaI: 1.0
Cell (14,9) faceJ1: 239 faceJ2: 264 avgAreaJ: 74.8558
Cell (15,9) faceI1: 240 faceI2: 241 avgAreaI: 1.0
Cell (15,9) faceJ1: 240 faceJ2: 265 avgAreaJ: 55.6595
Cell (16,9) faceI1: 241 faceI2: 242 avgAreaI: 1.0
Cell (16,9) faceJ1: 241 faceJ2: 266 avgAreaJ: 27.1124
Cell (17,9) faceI1: 242 faceI2: 243 avgAreaI: 1.0
Cell (17,9) faceJ1: 242 faceJ2: 267 avgAreaJ: 13.2068
Cell (18,9) faceI1: 243 faceI2: 244 avgAreaI: 1.0
Cell (18,9) faceJ1: 243 faceJ2: 268 avgAreaJ: 6.43319
Cell (19,9) faceI1: 244 faceI2: 245 avgAreaI: 1.0
Cell (19,9) faceJ1: 244 faceJ2: 269 avgAreaJ: 3.13369
Cell (20,9) faceI1: 245 faceI2: 246 avgAreaI: 1.0
Cell (20,9) faceJ1: 245 faceJ2: 270 avgAreaJ: 1.52646
Cell (21,9) faceI1: 246 faceI2: 247 avgAreaI: 1.0
Cell (21,9) faceJ1: 246 faceJ2: 271 avgAreaJ: 1.0
Cell (22,9) faceI1: 247 faceI2: 248 avgAreaI: 1.0
Cell (22,9) faceJ1: 247 faceJ2: 272 avgAreaJ: 1.0
Cell (23,9) faceI1: 248 faceI2: 249 avgAreaI: 1.0
Cell (23,9) faceJ1: 248 faceJ2: 273 avgAreaJ: 1.0
Cell (0,10) faceI1: 250 faceI2: 251 avgAreaI: 1.0
Cell (0,10) faceJ1: 250 faceJ2: 275 avgAreaJ: 1.0
Cell (1,10) faceI1: 251 faceI2: 252 avgAreaI: 1.0
Cell (1,10) faceJ1: 251 faceJ2: 276 avgAreaJ: 1.0
Cell (2,10) faceI1: 252 faceI2: 253 avgAreaI: 1.0
Cell (2,10) faceJ1: 252 faceJ2: 277 avgAreaJ: 1.0
Cell (3,10) faceI1: 253 faceI2: 254 avgAreaI: 1.0
Cell (3,10) faceJ1: 253 faceJ2: 278 avgAreaJ: 1.0
Cell (4,10) faceI1: 254 faceI2: 255 avgAreaI: 1.0
Cell (4,10) faceJ1: 254 faceJ2: 279 avgAreaJ: 1.0
Cell (5,10) faceI1: 255 faceI2: 256 avgAreaI: 1.0
Cell (5,10) faceJ1: 255 faceJ2: 280 avgAreaJ: 1.0
Cell (6,10) faceI1: 256 faceI2: 257 avgAreaI: 1.0
Cell (6,10) faceJ1: 256 faceJ2: 281 avgAreaJ: 1.0
Cell (7,10) faceI1: 257 faceI2: 258 avgAreaI: 1.0
Cell (7,10) faceJ1: 257 faceJ2: 282 avgAreaJ: 1.52646
Cell (8,10) faceI1: 258 faceI2: 259 avgAreaI: 1.0
Cell (8,10) faceJ1: 258 faceJ2: 283 avgAreaJ: 3.13369
Cell (9,10) faceI1: 259 faceI2: 260 avgAreaI: 1.0
Cell (9,10) faceJ1: 259 faceJ2: 284 avgAreaJ: 6.43319
Cell (10,10) faceI1: 260 faceI2: 261 avgAreaI: 1.0
Cell (10,10) faceJ1: 260 faceJ2: 285 avgAreaJ: 13.2068
Cell (11,10) faceI1: 261 faceI2: 262 avgAreaI: 1.0
Cell (11,10) faceJ1: 261 faceJ2: 286 avgAreaJ: 27.1124
Cell (12,10) faceI1: 262 faceI2: 263 avgAreaI: 1.0
Cell (12,10) faceJ1: 262 faceJ2: 287 avgAreaJ: 55.6595
Cell (13,10) faceI1: 263 faceI2: 264 avgAreaI: 1.0
Cell (13,10) faceJ1: 263 faceJ2: 288 avgAreaJ: 74.8558
Cell (14,10) faceI1: 264 faceI2: 265 avgAreaI: 1.0
Cell (14,10) faceJ1: 264 faceJ2: 289 avgAreaJ: 55.6595
Cell (15,10) faceI1: 265 faceI2: 266 avgAreaI: 1.0
Cell (15,10) faceJ1: 265 faceJ2: 290 avgAreaJ: 27.1124
Cell (16,10) faceI1: 266 faceI2: 267 avgAreaI: 1.0
Cell (16,10) faceJ1: 266 faceJ2: 291 avgAreaJ: 13.2068
Cell (17,10) faceI1: 267 faceI2: 268 avgAreaI: 1.0
Cell (17,10) faceJ1: 267 faceJ2: 292 avgAreaJ: 6.43319
Cell (18,10) faceI1: 268 faceI2: 269 avgAreaI: 1.0
Cell (18,10) faceJ1: 268 faceJ2: 293 avgAreaJ: 3.13369
Cell (19,10) faceI1: 269 faceI2: 270 avgAreaI: 1.0
Cell (19,10) faceJ1: 269 faceJ2: 294 avgAreaJ: 1.52646
Cell (20,10) faceI1: 270 faceI2: 271 avgAreaI: 1.0
Cell (20,10) faceJ1: 270 faceJ2: 295 avgAreaJ: 1.0
Cell (21,10) faceI1: 271 faceI2: 272 avgAreaI: 1.0
Cell (21,10) faceJ1: 271 faceJ2: 296 avgAreaJ: 1.0
Cell (22,10) faceI1: 272 faceI2: 273 avgAreaI: 1.0
Cell (22,10) faceJ1: 272 faceJ2: 297 avgAreaJ: 1.0
Cell (23,10) faceI1: 273 faceI2: 274 avgAreaI: 1.0
Cell (23,10) faceJ1: 273 faceJ2: 298 avgAreaJ: 1.0
Cell (0,11) faceI1: 275 faceI2: 276 avgAreaI: 1.0
Cell (0,11) faceJ1: 275 faceJ2: 300 avgAreaJ: 1.0
Cell (1,11) faceI1: 276 faceI2: 277 avgAreaI: 1.0
Cell (1,11) faceJ1: 276 faceJ2: 301 avgAreaJ: 1.0
Cell (2,11) faceI1: 277 faceI2: 278 avgAreaI: 1.0
Cell (2,11) faceJ1: 277 faceJ2: 302 avgAreaJ: 1.0
Cell (3,11) faceI1: 278 faceI2: 279 avgAreaI: 1.0
Cell (3,11) faceJ1: 278 faceJ2: 303 avgAreaJ: 1.0
Cell (4,11) faceI1: 279 faceI2: 280 avgAreaI: 1.0
Cell (4,11) faceJ1: 279 faceJ2: 304 avgAreaJ: 1.0
Cell (5,11) faceI1: 280 faceI2: 281 avgAreaI: 1.0
Cell (5,11) faceJ1: 280 faceJ2: 305 avgAreaJ: 1.0
Cell (6,11) faceI1: 281 faceI2: 282 avgAreaI: 1.0
Cell (6,11) faceJ1: 281 faceJ2: 306 avgAreaJ: 1.52646
Cell (7,11) faceI1: 282 faceI2: 283 avgAreaI: 1.0
Cell (7,11) faceJ1: 282 faceJ2: 307 avgAreaJ: 3.13369
Cell (8,11) faceI1: 283 faceI2: 284 avgAreaI: 1.0
Cell (8,11) faceJ1: 283 faceJ2: 308 avgAreaJ: 6.43319
Cell (9,11) faceI1: 284 faceI2: 285 avgAreaI: 1.0
Cell (9,11) faceJ1: 284 faceJ2: 309 avgAreaJ: 13.2068
Cell (10,11) faceI1: 285 faceI2: 286 avgAreaI: 1.0
Cell (10,11) faceJ1: 285 faceJ2: 310 avgAreaJ: 27.1124
Cell (11,11) faceI1: 286 faceI2: 287 avgAreaI: 1.0
Cell (11,11) faceJ1: 286 faceJ2: 311 avgAreaJ: 55.6595
Cell (12,11) faceI1: 287 faceI2: 288 avgAreaI: 1.0
Cell (12,11) faceJ1: 287 faceJ2: 312 avgAreaJ: 74.8558
Cell (13,11) faceI1: 288 faceI2: 289 avgAreaI: 1.0
Cell (13,11) faceJ1: 288 faceJ2: 313 avgAreaJ: 55.6595
Cell (14,11) faceI1: 289 faceI2: 290 avgAreaI: 1.0
Cell (14,11) faceJ1: 289 faceJ2: 314 avgAreaJ: 27.1124
Cell (15,11) faceI1: 290 faceI2: 291 avgAreaI: 1.0
Cell (15,11) faceJ1: 290 faceJ2: 315 avgAreaJ: 13.2068
Cell (16,11) faceI1: 291 faceI2: 292 avgAreaI: 1.0
Cell (16,11) faceJ1: 291 faceJ2: 316 avgAreaJ: 6.43319
Cell (17,11) faceI1: 292 faceI2: 293 avgAreaI: 1.0
Cell (17,11) faceJ1: 292 faceJ2: 317 avgAreaJ: 3.13369
Cell (18,11) faceI1: 293 faceI2: 294 avgAreaI: 1.0
Cell (18,11) faceJ1: 293 faceJ2: 318 avgAreaJ: 1.52646
Cell (19,11) faceI1: 294 faceI2: 295 avgAreaI: 1.0
Cell (19,11) faceJ1: 294 faceJ2: 319 avgAreaJ: 1.0
Cell (20,11) faceI1: 295 faceI2: 296 avgAreaI: 1.0
Cell (20,11) faceJ1: 295 faceJ2: 320 avgAreaJ: 1.0
Cell (21,11) faceI1: 296 faceI2: 297 avgAreaI: 1.0
Cell (21,11) faceJ1: 296 faceJ2: 321 avgAreaJ: 1.0
Cell (22,11) faceI1: 297 faceI2: 298 avgAreaI: 1.0
Cell (22,11) faceJ1: 297 faceJ2: 322 avgAreaJ: 1.0
Cell (23,11) faceI1: 298 faceI2: 299 avgAreaI: 1.0
Cell (23,11) faceJ1: 298 faceJ2: 323 avgAreaJ: 1.0
Cell (0,12) faceI1: 300 faceI2: 301 avgAreaI: 1.0
Cell (0,12) faceJ1: 300 faceJ2: 325 avgAreaJ: 1.0
Cell (1,12) faceI1: 301 faceI2: 302 avgAreaI: 1.0
Cell (1,12) faceJ1: 301 faceJ2: 326 avgAreaJ: 1.0
Cell (2,12) faceI1: 302 faceI2: 303 avgAreaI: 1.0
Cell (2,12) faceJ1: 302 faceJ2: 327 avgAreaJ: 1.0
Cell (3,12) faceI1: 303 faceI2: 304 avgAreaI: 1.0
Cell (3,12) faceJ1: 303 faceJ2: 328 avgAreaJ: 1.0
Cell (4,12) faceI1: 304 faceI2: 305 avgAreaI: 1.0
Cell (4,12) faceJ1: 304 faceJ2: 329 avgAreaJ: 1.0
Cell (5,12) faceI1: 305 faceI2: 306 avgAreaI: 1.0
Cell (5,12) faceJ1: 305 faceJ2: 330 avgAreaJ: 1.52646
Cell (6,12) faceI1: 306 faceI2: 307 avgAreaI: 1.0
Cell (6,12) faceJ1: 306 faceJ2: 331 avgAreaJ: 3.13369
Cell (7,12) faceI1: 307 faceI2: 308 avgAreaI: 1.0
Cell (7,12) faceJ1: 307 faceJ2: 332 avgAreaJ: 6.43319
Cell (8,12) faceI1: 308 faceI2: 309 avgAreaI: 1.0
Cell (8,12) faceJ1: 308 faceJ2: 333 avgAreaJ: 13.2068
Cell (9,12) faceI1: 309 faceI2: 310 avgAreaI: 1.0
Cell (9,12) faceJ1: 309 faceJ2: 334 avgAreaJ: 27.1124
Cell (10,12) faceI1: 310 faceI2: 311 avgAreaI: 1.0
Cell (10,12) faceJ1: 310 faceJ2: 335 avgAreaJ: 55.6595
Cell (11,12) faceI1: 311 faceI2: 312 avgAreaI: 1.0
Cell (11,12) faceJ1: 311 faceJ2: 336 avgAreaJ: 74.8558
Cell (12,12) faceI1: 312 faceI2: 313 avgAreaI: 1.0
Cell (12,12) faceJ1: 312 faceJ2: 337 avgAreaJ: 55.6595
Cell (13,12) faceI1: 313 faceI2: 314 avgAreaI: 1.0
Cell (13,12) faceJ1: 313 faceJ2: 338 avgAreaJ: 27.1124
Cell (14,12) faceI1: 314 faceI2: 315 avgAreaI: 1.0
Cell (14,12) faceJ1: 314 faceJ2: 339 avgAreaJ: 13.2068
Cell (15,12) faceI1: 315 faceI2: 316 avgAreaI: 1.0
Cell (15,12) faceJ1: 315 faceJ2: 340 avgAreaJ: 6.43319
Cell (16,12) faceI1: 316 faceI2: 317 avgAreaI: 1.0
Cell (16,12) faceJ1: 316 faceJ2: 341 avgAreaJ: 3.13369
Cell (17,12) faceI1: 317 faceI2: 318 avgAreaI: 1.0
Cell (17,12) faceJ1: 317 faceJ2: 342 avgAreaJ: 1.52646
Cell (18,12) faceI1: 318 faceI2: 319 avgAreaI: 1.0
Cell (18,12) faceJ1: 318 faceJ2: 343 avgAreaJ: 1.0
Cell (19,12) faceI1: 319 faceI2: 320 avgAreaI: 1.0
Cell (19,12) faceJ1: 319 faceJ2: 344 avgAreaJ: 1.0
Cell (20,12) faceI1: 320 faceI2: 321 avgAreaI: 1.0
Cell (20,12) faceJ1: 320 faceJ2: 345 avgAreaJ: 1.0
Cell (21,12) faceI1: 321 faceI2: 322 avgAreaI: 1.0
Cell (21,12) faceJ1: 321 faceJ2: 346 avgAreaJ: 1.0
Cell (22,12) faceI1: 322 faceI2: 323 avgAreaI: 1.0
Cell (22,12) faceJ1: 322 faceJ2: 347 avgAreaJ: 1.0
Cell (23,12) faceI1: 323 faceI2: 324 avgAreaI: 1.0
Cell (23,12) faceJ1: 323 faceJ2: 348 avgAreaJ: 1.0
Cell (0,13) faceI1: 325 faceI2: 326 avgAreaI: 1.0
Cell (0,13) faceJ1: 325 faceJ2: 350 avgAreaJ: 1.0
Cell (1,13) faceI1: 326 faceI2: 327 avgAreaI: 1.0
Cell (1,13) faceJ1: 326 faceJ2: 351 avgAreaJ: 1.0
Cell (2,13) faceI1: 327 faceI2: 328 avgAreaI: 1.0
Cell (2,13) faceJ1: 327 faceJ2: 352 avgAreaJ: 1.0
Cell (3,13) faceI1: 328 faceI2: 329 avgAreaI: 1.0
Cell (3,13) faceJ1: 328 faceJ2: 353 avgAreaJ: 1.0
Cell (4,13) faceI1: 329 faceI2: 330 avgAreaI: 1.0
Cell (4,13) faceJ1: 329 faceJ2: 354 avgAreaJ: 1.52646
Cell (5,13) faceI1: 330 faceI2: 331 avgAreaI: 1.0
Cell (5,13) faceJ1: 330 faceJ2: 355 avgAreaJ: 3.13369
Cell (6,13) faceI1: 331 faceI2: 332 avgAreaI: 1.0
Cell (6,13) faceJ1: 331 faceJ2: 356 avgAreaJ: 6.43319
Cell (7,13) faceI1: 332 faceI2: 333 avgAreaI: 1.0
Cell (7,13) faceJ1: 332 faceJ2: 357 avgAreaJ: 13.2068
Cell (8,13) faceI1: 333 faceI2: 334 avgAreaI: 1.0
Cell (8,13) faceJ1: 333 faceJ2: 358 avgAreaJ: 27.1124
Cell (9,13) faceI1: 334 faceI2: 335 avgAreaI: 1.0
Cell (9,13) faceJ1: 334 faceJ2: 359 avgAreaJ: 55.6595
Cell (10,13) faceI1: 335 faceI2: 336 avgAreaI: 1.0
Cell (10,13) faceJ1: 335 faceJ2: 360 avgAreaJ: 74.8558
Cell (11,13) faceI1: 336 faceI2: 337 avgAreaI: 1.0
Cell (11,13) faceJ1: 336 faceJ2: 361 avgAreaJ: 55.6595
Cell (12,13) faceI1: 337 faceI2: 338 avgAreaI: 1.0
Cell (12,13) faceJ1: 337 faceJ2: 362 avgAreaJ: 27.1124
Cell (13,13) faceI1: 338 faceI2: 339 avgAreaI: 1.0
Cell (13,13) faceJ1: 338 faceJ2: 363 avgAreaJ: 13.2068
Cell (14,13) faceI1: 339 faceI2: 340 avgAreaI: 1.0
Cell (14,13) faceJ1: 339 faceJ2: 364 avgAreaJ: 6.43319
Cell (15,13) faceI1: 340 faceI2: 341 avgAreaI: 1.0
Cell (15,13) faceJ1: 340 faceJ2: 365 avgAreaJ: 3.13369
Cell (16,13) faceI1: 341 faceI2: 342 avgAreaI: 1.0
Cell (16,13) faceJ1: 341 faceJ2: 366 avgAreaJ: 1.52646
Cell (17,13) faceI1: 342 faceI2: 343 avgAreaI: 1.0
Cell (17,13) faceJ1: 342 faceJ2: 367 avgAreaJ: 1.0
Cell (18,13) faceI1: 343 faceI2: 344 avgAreaI: 1.0
Cell (18,13) faceJ1: 343 faceJ2: 368 avgAreaJ: 1.0
Cell (19,13) faceI1: 344 faceI2: 345 avgAreaI: 1.0
Cell (19,13) faceJ1: 344 faceJ2: 369 avgAreaJ: 1.0
Cell (20,13) faceI1: 345 faceI2: 346 avgAreaI: 1.0
Cell (20,13) faceJ1: 345 faceJ2: 370 avgAreaJ: 1.0
Cell (21,13) faceI1: 346 faceI2: 347 avgAreaI: 1.0
Cell (21,13) faceJ1: 346 faceJ2: 371 avgAreaJ: 1.0
Cell (22,13) faceI1: 347 faceI2: 348 avgAreaI: 1.0
Cell (22,13) faceJ1: 347 faceJ2: 372 avgAreaJ: 1.0
Cell (23,13) faceI1: 348 faceI2: 349 avgAreaI: 1.0
Cell (23,13) faceJ1: 348 faceJ2: 373 avgAreaJ: 1.0
Cell (0,14) faceI1: 350 faceI2: 351 avgAreaI: 1.0
Cell (0,14) faceJ1: 350 faceJ2: 375 avgAreaJ: 1.0
Cell (1,14) faceI1: 351 faceI2: 352 avgAreaI: 1.0
Cell (1,14) faceJ1: 351 faceJ2: 376 avgAreaJ: 1.0
Cell (2,14) faceI1: 352 faceI2: 353 avgAreaI: 1.0
Cell (2,14) faceJ1: 352 faceJ2: 377 avgAreaJ: 1.0
Cell (3,14) faceI1: 353 faceI2: 354 avgAreaI: 1.0
Cell (3,14) faceJ1: 353 faceJ2: 378 avgAreaJ: 1.52646
Cell (4,14) faceI1: 354 faceI2: 355 avgAreaI: 1.0
Cell (4,14) faceJ1: 354 faceJ2: 379 avgAreaJ: 3.13369
Cell (5,14) faceI1: 355 faceI2: 356 avgAreaI: 1.0
Cell (5,14) faceJ1: 355 faceJ2: 380 avgAreaJ: 6.43319
Cell (6,14) faceI1: 356 faceI2: 357 avgAreaI: 1.0
Cell (6,14) faceJ1: 356 faceJ2: 381 avgAreaJ: 13.2068
Cell (7,14) faceI1: 357 faceI2: 358 avgAreaI: 1.0
Cell (7,14) faceJ1: 357 faceJ2: 382 avgAreaJ: 27.1124
Cell (8,14) faceI1: 358 faceI2: 359 avgAreaI: 1.0
Cell (8,14) faceJ1: 358 faceJ2: 383 avgAreaJ: 55.6595
Cell (9,14) faceI1: 359 faceI2: 360 avgAreaI: 1.0
Cell (9,14) faceJ1: 359 faceJ2: 384 avgAreaJ: 74.8558
Cell (10,14) faceI1: 360 faceI2: 361 avgAreaI: 1.0
Cell (10,14) faceJ1: 360 faceJ2: 385 avgAreaJ: 55.6595
Cell (11,14) faceI1: 361 faceI2: 362 avgAreaI: 1.0
Cell (11,14) faceJ1: 361 faceJ2: 386 avgAreaJ: 27.1124
Cell (12,14) faceI1: 362 faceI2: 363 avgAreaI: 1.0
Cell (12,14) faceJ1: 362 faceJ2: 387 avgAreaJ: 13.2068
Cell (13,14) faceI1: 363 faceI2: 364 avgAreaI: 1.0
Cell (13,14) faceJ1: 363 faceJ2: 388 avgAreaJ: 6.43319
Cell (14,14) faceI1: 364 faceI2: 365 avgAreaI: 1.0
Cell (14,14) faceJ1: 364 faceJ2: 389 avgAreaJ: 3.13369
Cell (15,14) faceI1: 365 faceI2: 366 avgAreaI: 1.0
Cell (15,14) faceJ1: 365 faceJ2: 390 avgAreaJ: 1.52646
Cell (16,14) faceI1: 366 faceI2: 367 avgAreaI: 1.0
Cell (16,14) faceJ1: 366 faceJ2: 391 avgAreaJ: 1.0
Cell (17,14) faceI1: 367 faceI2: 368 avgAreaI: 1.0
Cell (17,14) faceJ1: 367 faceJ2: 392 avgAreaJ: 1.0
Cell (18,14) faceI1: 368 faceI2: 369 avgAreaI: 1.0
Cell (18,14) faceJ1: 368 faceJ2: 393 avgAreaJ: 1.0
Cell (19,14) faceI1: 369 faceI2: 370 avgAreaI: 1.0
Cell (19,14) faceJ1: 369 faceJ2: 394 avgAreaJ: 1.0
Cell (20,14) faceI1: 370 faceI2: 371 avgAreaI: 1.0
Cell (20,14) faceJ1: 370 faceJ2: 395 avgAreaJ: 1.0
Cell (21,14) faceI1: 371 faceI2: 372 avgAreaI: 1.0
Cell (21,14) faceJ1: 371 faceJ2: 396 avgAreaJ: 1.0
Cell (22,14) faceI1: 372 faceI2: 373 avgAreaI: 1.0
Cell (22,14) faceJ1: 372 faceJ2: 397 avgAreaJ: 1.0
Cell (23,14) faceI1: 373 faceI2: 374 avgAreaI: 1.0
Cell (23,14) faceJ1: 373 faceJ2: 398 avgAreaJ: 1.0
Cell (0,15) faceI1: 375 faceI2: 376 avgAreaI: 1.0
Cell (0,15) faceJ1: 375 faceJ2: 400 avgAreaJ: 1.0
Cell (1,15) faceI1: 376 faceI2: 377 avgAreaI: 1.0
Cell (1,15) faceJ1: 376 faceJ2: 401 avgAreaJ: 1.0
Cell (2,15) faceI1: 377 faceI2: 378 avgAreaI: 1.0
Cell (2,15) faceJ1: 377 faceJ2: 402 avgAreaJ: 1.52646
Cell (3,15) faceI1: 378 faceI2: 379 avgAreaI: 1.0
Cell (3,15) faceJ1: 378 faceJ2: 403 avgAreaJ: 3.13369
Cell (4,15) faceI1: 379 faceI2: 380 avgAreaI: 1.0
Cell (4,15) faceJ1: 379 faceJ2: 404 avgAreaJ: 6.43319
Cell (5,15) faceI1: 380 faceI2: 381 avgAreaI: 1.0
Cell (5,15) faceJ1: 380 faceJ2: 405 avgAreaJ: 13.2068
Cell (6,15) faceI1: 381 faceI2: 382 avgAreaI: 1.0
Cell (6,15) faceJ1: 381 faceJ2: 406 avgAreaJ: 27.1124
Cell (7,15) faceI1: 382 faceI2: 383 avgAreaI: 1.0
Cell (7,15) faceJ1: 382 faceJ2: 407 avgAreaJ: 55.6595
Cell (8,15) faceI1: 383 faceI2: 384 avgAreaI: 1.0
Cell (8,15) faceJ1: 383 faceJ2: 408 avgAreaJ: 74.8558
Cell (9,15) faceI1: 384 faceI2: 385 avgAreaI: 1.0
Cell (9,15) faceJ1: 384 faceJ2: 409 avgAreaJ: 55.6595
Cell (10,15) faceI1: 385 faceI2: 386 avgAreaI: 1.0
Cell (10,15) faceJ1: 385 faceJ2: 410 avgAreaJ: 27.1124
Cell (11,15) faceI1: 386 faceI2: 387 avgAreaI: 1.0
Cell (11,15) faceJ1: 386 faceJ2: 411 avgAreaJ: 13.2068
Cell (12,15) faceI1: 387 faceI2: 388 avgAreaI: 1.0
Cell (12,15) faceJ1: 387 faceJ2: 412 avgAreaJ: 6.43319
Cell (13,15) faceI1: 388 faceI2: 389 avgAreaI: 1.0
Cell (13,15) faceJ1: 388 faceJ2: 413 avgAreaJ: 3.13369
Cell (14,15) faceI1: 389 faceI2: 390 avgAreaI: 1.0
Cell (14,15) faceJ1: 389 faceJ2: 414 avgAreaJ: 1.52646
Cell (15,15) faceI1: 390 faceI2: 391 avgAreaI: 1.0
Cell (15,15) faceJ1: 390 faceJ2: 415 avgAreaJ: 1.0
Cell (16,15) faceI1: 391 faceI2: 392 avgAreaI: 1.0
Cell (16,15) faceJ1: 391 faceJ2: 416 avgAreaJ: 1.0
Cell (17,15) faceI1: 392 faceI2: 393 avgAreaI: 1.0
Cell (17,15) faceJ1: 392 faceJ2: 417 avgAreaJ: 1.0
Cell (18,15) faceI1: 393 faceI2: 394 avgAreaI: 1.0
Cell (18,15) faceJ1: 393 faceJ2: 418 avgAreaJ: 1.0
Cell (19,15) faceI1: 394 faceI2: 395 avgAreaI: 1.0
Cell (19,15) faceJ1: 394 faceJ2: 419 avgAreaJ: 1.0
Cell (20,15) faceI1: 395 faceI2: 396 avgAreaI: 1.0
Cell (20,15) faceJ1: 395 faceJ2: 420 avgAreaJ: 1.0
Cell (21,15) faceI1: 396 faceI2: 397 avgAreaI: 1.0
Cell (21,15) faceJ1: 396 faceJ2: 421 avgAreaJ: 1.0
Cell (22,15) faceI1: 397 faceI2: 398 avgAreaI: 1.0
Cell (22,15) faceJ1: 397 faceJ2: 422 avgAreaJ: 1.0
Cell (23,15) faceI1: 398 faceI2: 399 avgAreaI: 1.0
Cell (23,15) faceJ1: 398 faceJ2: 423 avgAreaJ: 1.0
Cell (0,16) faceI1: 400 faceI2: 401 avgAreaI: 1.0
Cell (0,16) faceJ1: 400 faceJ2: 425 avgAreaJ: 1.0
Cell (1,16) faceI1: 401 faceI2: 402 avgAreaI: 1.0
Cell (1,16) faceJ1: 401 faceJ2: 426 avgAreaJ: 1.52646
Cell (2,16) faceI1: 402 faceI2: 403 avgAreaI: 1.0
Cell (2,16) faceJ1: 402 faceJ2: 427 avgAreaJ: 3.13369
Cell (3,16) faceI1: 403 faceI2: 404 avgAreaI: 1.0
Cell (3,16) faceJ1: 403 faceJ2: 428 avgAreaJ: 6.43319
Cell (4,16) faceI1: 404 faceI2: 405 avgAreaI: 1.0
Cell (4,16) faceJ1: 404 faceJ2: 429 avgAreaJ: 13.2068
Cell (5,16) faceI1: 405 faceI2: 406 avgAreaI: 1.0
Cell (5,16) faceJ1: 405 faceJ2: 430 avgAreaJ: 27.1124
Cell (6,16) faceI1: 406 faceI2: 407 avgAreaI: 1.0
Cell (6,16) faceJ1: 406 faceJ2: 431 avgAreaJ: 55.6595
Cell (7,16) faceI1: 407 faceI2: 408 avgAreaI: 1.0
Cell (7,16) faceJ1: 407 faceJ2: 432 avgAreaJ: 74.8558
Cell (8,16) faceI1: 408 faceI2: 409 avgAreaI: 1.0
Cell (8,16) faceJ1: 408 faceJ2: 433 avgAreaJ: 55.6595
Cell (9,16) faceI1: 409 faceI2: 410 avgAreaI: 1.0
Cell (9,16) faceJ1: 409 faceJ2: 434 avgAreaJ: 27.1124
Cell (10,16) faceI1: 410 faceI2: 411 avgAreaI: 1.0
Cell (10,16) faceJ1: 410 faceJ2: 435 avgAreaJ: 13.2068
Cell (11,16) faceI1: 411 faceI2: 412 avgAreaI: 1.0
Cell (11,16) faceJ1: 411 faceJ2: 436 avgAreaJ: 6.43319
Cell (12,16) faceI1: 412 faceI2: 413 avgAreaI: 1.0
Cell (12,16) faceJ1: 412 faceJ2: 437 avgAreaJ: 3.13369
Cell (13,16) faceI1: 413 faceI2: 414 avgAreaI: 1.0
Cell (13,16) faceJ1: 413 faceJ2: 438 avgAreaJ: 1.52646
Cell (14,16) faceI1: 414 faceI2: 415 avgAreaI: 1.0
Cell (14,16) faceJ1: 414 faceJ2: 439 avgAreaJ: 1.0
Cell (15,16) faceI1: 415 faceI2: 416 avgAreaI: 1.0
Cell (15,16) faceJ1: 415 faceJ2: 440 avgAreaJ: 1.0
Cell (16,16) faceI1: 416 faceI2: 417 avgAreaI: 1.0
Cell (16,16) faceJ1: 416 faceJ2: 441 avgAreaJ: 1.0
Cell (17,16) faceI1: 417 faceI2: 418 avgAreaI: 1.0
Cell (17,16) faceJ1: 417 faceJ2: 442 avgAreaJ: 1.0
Cell (18,16) faceI1: 418 faceI2: 419 avgAreaI: 1.0
Cell (18,16) faceJ1: 418 faceJ2: 443 avgAreaJ: 1.0
Cell (19,16) faceI1: 419 faceI2: 420 avgAreaI: 1.0
Cell (19,16) faceJ1: 419 faceJ2: 444 avgAreaJ: 1.0
Cell (20,16) faceI1: 420 faceI2: 421 avgAreaI: 1.0
Cell (20,16) faceJ1: 420 faceJ2: 445 avgAreaJ: 1.0
Cell (21,16) faceI1: 421 faceI2: 422 avgAreaI: 1.0
Cell (21,16) faceJ1: 421 faceJ2: 446 avgAreaJ: 1.0
Cell (22,16) faceI1: 422 faceI2: 423 avgAreaI: 1.0
Cell (22,16) faceJ1: 422 faceJ2: 447 avgAreaJ: 1.0
Cell (23,16) faceI1: 423 faceI2: 424 avgAreaI: 1.0
Cell (23,16) faceJ1: 423 faceJ2: 448 avgAreaJ: 1.0
Cell (0,17) faceI1: 425 faceI2: 426 avgAreaI: 1.0
Cell (0,17) faceJ1: 425 faceJ2: 450 avgAreaJ: 1.52646
Cell (1,17) faceI1: 426 faceI2: 427 avgAreaI: 1.0
Cell (1,17) faceJ1: 426 faceJ2: 451 avgAreaJ: 3.13369
Cell (2,17) faceI1: 427 faceI2: 428 avgAreaI: 1.0
Cell (2,17) faceJ1: 427 faceJ2: 452 avgAreaJ: 6.43319
Cell (3,17) faceI1: 428 faceI2: 429 avgAreaI: 1.0
Cell (3,17) faceJ1: 428 faceJ2: 453 avgAreaJ: 13.2068
Cell (4,17) faceI1: 429 faceI2: 430 avgAreaI: 1.0
Cell (4,17) faceJ1: 429 faceJ2: 454 avgAreaJ: 27.1124
Cell (5,17) faceI1: 430 faceI2: 431 avgAreaI: 1.0
Cell (5,17) faceJ1: 430 faceJ2: 455 avgAreaJ: 55.6595
Cell (6,17) faceI1: 431 faceI2: 432 avgAreaI: 1.0
Cell (6,17) faceJ1: 431 faceJ2: 456 avgAreaJ: 74.8558
Cell (7,17) faceI1: 432 faceI2: 433 avgAreaI: 1.0
Cell (7,17) faceJ1: 432 faceJ2: 457 avgAreaJ: 55.6595
Cell (8,17) faceI1: 433 faceI2: 434 avgAreaI: 1.0
Cell (8,17) faceJ1: 433 faceJ2: 458 avgAreaJ: 27.1124
Cell (9,17) faceI1: 434 faceI2: 435 avgAreaI: 1.0
Cell (9,17) faceJ1: 434 faceJ2: 459 avgAreaJ: 13.2068
Cell (10,17) faceI1: 435 faceI2: 436 avgAreaI: 1.0
Cell (10,17) faceJ1: 435 faceJ2: 460 avgAreaJ: 6.43319
Cell (11,17) faceI1: 436 faceI2: 437 avgAreaI: 1.0
Cell (11,17) faceJ1: 436 faceJ2: 461 avgAreaJ: 3.13369
Cell (12,17) faceI1: 437 faceI2: 438 avgAreaI: 1.0
Cell (12,17) faceJ1: 437 faceJ2: 462 avgAreaJ: 1.52646
Cell (13,17) faceI1: 438 faceI2: 439 avgAreaI: 1.0
Cell (13,17) faceJ1: 438 faceJ2: 463 avgAreaJ: 1.0
Cell (14,17) faceI1: 439 faceI2: 440 avgAreaI: 1.0
Cell (14,17) faceJ1: 439 faceJ2: 464 avgAreaJ: 1.0
Cell (15,17) faceI1: 440 faceI2: 441 avgAreaI: 1.0
Cell (15,17) faceJ1: 440 faceJ2: 465 avgAreaJ: 1.0
Cell (16,17) faceI1: 441 faceI2: 442 avgAreaI: 1.0
Cell (16,17) faceJ1: 441 faceJ2: 466 avgAreaJ: 1.0
Cell (17,17) faceI1: 442 faceI2: 443 avgAreaI: 1.0
Cell (17,17) faceJ1: 442 faceJ2: 467 avgAreaJ: 1.0
Cell (18,17) faceI1: 443 faceI2: 444 avgAreaI: 1.0
Cell (18,17) faceJ1: 443 faceJ2: 468 avgAreaJ: 1.0
Cell (19,17) faceI1: 444 faceI2: 445 avgAreaI: 1.0
Cell (19,17) faceJ1: 444 faceJ2: 469 avgAreaJ: 1.0
Cell (20,17) faceI1: 445 faceI2: 446 avgAreaI: 1.0
Cell (20,17) faceJ1: 445 faceJ2: 470 avgAreaJ: 1.0
Cell (21,17) faceI1: 446 faceI2: 447 avgAreaI: 1.0
Cell (21,17) faceJ1: 446 faceJ2: 471 avgAreaJ: 1.0
Cell (22,17) faceI1: 447 faceI2: 448 avgAreaI: 1.0
Cell (22,17) faceJ1: 447 faceJ2: 472 avgAreaJ: 1.0
Cell (23,17) faceI1: 448 faceI2: 449 avgAreaI: 1.0
Cell (23,17) faceJ1: 448 faceJ2: 473 avgAreaJ: 1.0
Cell (0,18) faceI1: 450 faceI2: 451 avgAreaI: 2.05291
Cell (0,18) faceJ1: 450 faceJ2: 475 avgAreaJ: 3.13369
Cell (1,18) faceI1: 451 faceI2: 452 avgAreaI: 2.05291
Cell (1,18) faceJ1: 451 faceJ2: 476 avgAreaJ: 6.43319
Cell (2,18) faceI1: 452 faceI2: 453 avgAreaI: 2.05291
Cell (2,18) faceJ1: 452 faceJ2: 477 avgAreaJ: 13.2068
Cell (3,18) faceI1: 453 faceI2: 454 avgAreaI: 2.05291
Cell (3,18) faceJ1: 453 faceJ2: 478 avgAreaJ: 27.1124
Cell (4,18) faceI1: 454 faceI2: 455 avgAreaI: 2.05291
Cell (4,18) faceJ1: 454 faceJ2: 479 avgAreaJ: 55.6595
Cell (5,18) faceI1: 455 faceI2: 456 avgAreaI: 2.05291
Cell (5,18) faceJ1: 455 faceJ2: 480 avgAreaJ: 74.8558
Cell (6,18) faceI1: 456 faceI2: 457 avgAreaI: 2.05291
Cell (6,18) faceJ1: 456 faceJ2: 481 avgAreaJ: 55.6595
Cell (7,18) faceI1: 457 faceI2: 458 avgAreaI: 2.05291
Cell (7,18) faceJ1: 457 faceJ2: 482 avgAreaJ: 27.1124
Cell (8,18) faceI1: 458 faceI2: 459 avgAreaI: 2.05291
Cell (8,18) faceJ1: 458 faceJ2: 483 avgAreaJ: 13.2068
Cell (9,18) faceI1: 459 faceI2: 460 avgAreaI: 2.05291
Cell (9,18) faceJ1: 459 faceJ2: 484 avgAreaJ: 6.43319
Cell (10,18) faceI1: 460 faceI2: 461 avgAreaI: 2.05291
Cell (10,18) faceJ1: 460 faceJ2: 485 avgAreaJ: 3.13369
Cell (11,18) faceI1: 461 faceI2: 462 avgAreaI: 2.05291
Cell (11,18) faceJ1: 461 faceJ2: 486 avgAreaJ: 1.52646
Cell (12,18) faceI1: 462 faceI2: 463 avgAreaI: 2.05291
Cell (12,18) faceJ1: 462 faceJ2: 487 avgAreaJ: 1.0
Cell (13,18) faceI1: 463 faceI2: 464 avgAreaI: 2.05291
Cell (13,18) faceJ1: 463 faceJ2: 488 avgAreaJ: 1.0
Cell (14,18) faceI1: 464 faceI2: 465 avgAreaI: 2.05291
Cell (14,18) faceJ1: 464 faceJ2: 489 avgAreaJ: 1.0
Cell (15,18) faceI1: 465 faceI2: 466 avgAreaI: 2.05291
Cell (15,18) faceJ1: 465 faceJ2: 490 avgAreaJ: 1.0
Cell (16,18) faceI1: 466 faceI2: 467 avgAreaI: 2.05291
Cell (16,18) faceJ1: 466 faceJ2: 491 avgAreaJ: 1.0
Cell (17,18) faceI1: 467 faceI2: 468 avgAreaI: 2.05291
Cell (17,18) faceJ1: 467 faceJ2: 492 avgAreaJ: 1.0
Cell (18,18) faceI1: 468 faceI2: 469 avgAreaI: 2.05291
Cell (18,18) faceJ1: 468 faceJ2: 493 avgAreaJ: 1.0
Cell (19,18) faceI1: 469 faceI2: 470 avgAreaI: 2.05291
Cell (19,18) faceJ1: 469 faceJ2: 494 avgAreaJ: 1.0
Cell (20,18) faceI1: 470 faceI2: 471 avgAreaI: 2.05291
Cell (20,18) faceJ1: 470 faceJ2: 495 avgAreaJ: 1.0
Cell (21,18) faceI1: 471 faceI2: 472 avgAreaI: 2.05291
Cell (21,18) faceJ1: 471 faceJ2: 496 avgAreaJ: 1.0
Cell (22,18) faceI1: 472 faceI2: 473 avgAreaI: 2.05291
Cell (22,18) faceJ1: 472 faceJ2: 497 avgAreaJ: 1.0
Cell (23,18) faceI1: 473 faceI2: 474 avgAreaI: 2.05291
Cell (23,18) faceJ1: 473 faceJ2: 498 avgAreaJ: 1.52646
Cell (0,19) faceI1: 475 faceI2: 476 avgAreaI: 4.21446
Cell (0,19) faceJ1: 475 faceJ2: 500 avgAreaJ: 6.43319
Cell (1,19) faceI1: 476 faceI2: 477 avgAreaI: 4.21446
Cell (1,19) faceJ1: 476 faceJ2: 501 avgAreaJ: 13.2068
Cell (2,19) faceI1: 477 faceI2: 478 avgAreaI: 4.21446
Cell (2,19) faceJ1: 477 faceJ2: 502 avgAreaJ: 27.1124
Cell (3,19) faceI1: 478 faceI2: 479 avgAreaI: 4.21446
Cell (3,19) faceJ1: 478 faceJ2: 503 avgAreaJ: 55.6595
Cell (4,19) faceI1: 479 faceI2: 480 avgAreaI: 4.21446
Cell (4,19) faceJ1: 479 faceJ2: 504 avgAreaJ: 74.8558
Cell (5,19) faceI1: 480 faceI2: 481 avgAreaI: 4.21446
Cell (5,19) faceJ1: 480 faceJ2: 505 avgAreaJ: 55.6595
Cell (6,19) faceI1: 481 faceI2: 482 avgAreaI: 4.21446
Cell (6,19) faceJ1: 481 faceJ2: 506 avgAreaJ: 27.1124
Cell (7,19) faceI1: 482 faceI2: 483 avgAreaI: 4.21446
Cell (7,19) faceJ1: 482 faceJ2: 507 avgAreaJ: 13.2068
Cell (8,19) faceI1: 483 faceI2: 484 avgAreaI: 4.21446
Cell (8,19) faceJ1: 483 faceJ2: 508 avgAreaJ: 6.43319
Cell (9,19) faceI1: 484 faceI2: 485 avgAreaI: 4.21446
Cell (9,19) faceJ1: 484 faceJ2: 509 avgAreaJ: 3.13369
Cell (10,19) faceI1: 485 faceI2: 486 avgAreaI: 4.21446
Cell (10,19) faceJ1: 485 faceJ2: 510 avgAreaJ: 1.52646
Cell (11,19) faceI1: 486 faceI2: 487 avgAreaI: 4.21446
Cell (11,19) faceJ1: 486 faceJ2: 511 avgAreaJ: 1.0
Cell (12,19) faceI1: 487 faceI2: 488 avgAreaI: 4.21446
Cell (12,19) faceJ1: 487 faceJ2: 512 avgAreaJ: 1.0
Cell (13,19) faceI1: 488 faceI2: 489 avgAreaI: 4.21446
Cell (13,19) faceJ1: 488 faceJ2: 513 avgAreaJ: 1.0
Cell (14,19) faceI1: 489 faceI2: 490 avgAreaI: 4.21446
Cell (14,19) faceJ1: 489 faceJ2: 514 avgAreaJ: 1.0
Cell (15,19) faceI1: 490 faceI2: 491 avgAreaI: 4.21446
Cell (15,19) faceJ1: 490 faceJ2: 515 avgAreaJ: 1.0
Cell (16,19) faceI1: 491 faceI2: 492 avgAreaI: 4.21446
Cell (16,19) faceJ1: 491 faceJ2: 516 avgAreaJ: 1.0
Cell (17,19) faceI1: 492 faceI2: 493 avgAreaI: 4.21446
Cell (17,19) faceJ1: 492 faceJ2: 517 avgAreaJ: 1.0
Cell (18,19) faceI1: 493 faceI2: 494 avgAreaI: 4.21446
Cell (18,19) faceJ1: 493 faceJ2: 518 avgAreaJ: 1.0
Cell (19,19) faceI1: 494 faceI2: 495 avgAreaI: 4.21446
Cell (19,19) faceJ1: 494 faceJ2: 519 avgAreaJ: 1.0
Cell (20,19) faceI1: 495 faceI2: 496 avgAreaI: 4.21446
Cell (20,19) faceJ1: 495 faceJ2: 520 avgAreaJ: 1.0
Cell (21,19) faceI1: 496 faceI2: 497 avgAreaI: 4.21446
Cell (21,19) faceJ1: 496 faceJ2: 521 avgAreaJ: 1.0
Cell (22,19) faceI1: 497 faceI2: 498 avgAreaI: 4.21446
Cell (22,19) faceJ1: 497 faceJ2: 522 avgAreaJ: 1.52646
Cell (23,19) faceI1: 498 faceI2: 499 avgAreaI: 4.21446
Cell (23,19) faceJ1: 498 faceJ2: 523 avgAreaJ: 3.13369
Cell (0,20) faceI1: 500 faceI2: 501 avgAreaI: 8.65193
Cell (0,20) faceJ1: 500 faceJ2: 525 avgAreaJ: 13.2068
Cell (1,20) faceI1: 501 faceI2: 502 avgAreaI: 8.65193
Cell (1,20) faceJ1: 501 faceJ2: 526 avgAreaJ: 27.1124
Cell (2,20) faceI1: 502 faceI2: 503 avgAreaI: 8.65193
Cell (2,20) faceJ1: 502 faceJ2: 527 avgAreaJ: 55.6595
Cell (3,20) faceI1: 503 faceI2: 504 avgAreaI: 8.65193
Cell (3,20) faceJ1: 503 faceJ2: 528 avgAreaJ: 74.8558
Cell (4,20) faceI1: 504 faceI2: 505 avgAreaI: 8.65193
Cell (4,20) faceJ1: 504 faceJ2: 529 avgAreaJ: 55.6595
Cell (5,20) faceI1: 505 faceI2: 506 avgAreaI: 8.65193
Cell (5,20) faceJ1: 505 faceJ2: 530 avgAreaJ: 27.1124
Cell (6,20) faceI1: 506 faceI2: 507 avgAreaI: 8.65193
Cell (6,20) faceJ1: 506 faceJ2: 531 avgAreaJ: 13.2068
Cell (7,20) faceI1: 507 faceI2: 508 avgAreaI: 8.65193
Cell (7,20) faceJ1: 507 faceJ2: 532 avgAreaJ: 6.43319
Cell (8,20) faceI1: 508 faceI2: 509 avgAreaI: 8.65193
Cell (8,20) faceJ1: 508 faceJ2: 533 avgAreaJ: 3.13369
Cell (9,20) faceI1: 509 faceI2: 510 avgAreaI: 8.65193
Cell (9,20) faceJ1: 509 faceJ2: 534 avgAreaJ: 1.52646
Cell (10,20) faceI1: 510 faceI2: 511 avgAreaI: 8.65193
Cell (10,20) faceJ1: 510 faceJ2: 535 avgAreaJ: 1.0
Cell (11,20) faceI1: 511 faceI2: 512 avgAreaI: 8.65193
Cell (11,20) faceJ1: 511 faceJ2: 536 avgAreaJ: 1.0
Cell (12,20) faceI1: 512 faceI2: 513 avgAreaI: 8.65193
Cell (12,20) faceJ1: 512 faceJ2: 537 avgAreaJ: 1.0
Cell (13,20) faceI1: 513 faceI2: 514 avgAreaI: 8.65193
Cell (13,20) faceJ1: 513 faceJ2: 538 avgAreaJ: 1.0
Cell (14,20) faceI1: 514 faceI2: 515 avgAreaI: 8.65193
Cell (14,20) faceJ1: 514 faceJ2: 539 avgAreaJ: 1.0
Cell (15,20) faceI1: 515 faceI2: 516 avgAreaI: 8.65193
Cell (15,20) faceJ1: 515 faceJ2: 540 avgAreaJ: 1.0
Cell (16,20) faceI1: 516 faceI2: 517 avgAreaI: 8.65193
Cell (16,20) faceJ1: 516 faceJ2: 541 avgAreaJ: 1.0
Cell (17,20) faceI1: 517 faceI2: 518 avgAreaI: 8.65193
Cell (17,20) faceJ1: 517 faceJ2: 542 avgAreaJ: 1.0
Cell (18,20) faceI1: 518 faceI2: 519 avgAreaI: 8.65193
Cell (18,20) faceJ1: 518 faceJ2: 543 avgAreaJ: 1.0
Cell (19,20) faceI1: 519 faceI2: 520 avgAreaI: 8.65193
Cell (19,20) faceJ1: 519 faceJ2: 544 avgAreaJ: 1.0
Cell (20,20) faceI1: 520 faceI2: 521 avgAreaI: 8.65193
Cell (20,20) faceJ1: 520 faceJ2: 545 avgAreaJ: 1.0
Cell (21,20) faceI1: 521 faceI2: 522 avgAreaI: 8.65193
Cell (21,20) faceJ1: 521 faceJ2: 546 avgAreaJ: 1.52646
Cell (22,20) faceI1: 522 faceI2: 523 avgAreaI: 8.65193
Cell (22,20) faceJ1: 522 faceJ2: 547 avgAreaJ: 3.13369
Cell (23,20) faceI1: 523 faceI2: 524 avgAreaI: 8.65193
Cell (23,20) faceJ1: 523 faceJ2: 548 avgAreaJ: 6.43319
Cell (0,21) faceI1: 525 faceI2: 526 avgAreaI: 17.7617
Cell (0,21) faceJ1: 525 faceJ2: 550 avgAreaJ: 27.1124
Cell (1,21) faceI1: 526 faceI2: 527 avgAreaI: 17.7617
Cell (1,21) faceJ1: 526 faceJ2: 551 avgAreaJ: 55.6595
Cell (2,21) faceI1: 527 faceI2: 528 avgAreaI: 17.7617
Cell (2,21) faceJ1: 527 faceJ2: 552 avgAreaJ: 74.8558
Cell (3,21) faceI1: 528 faceI2: 529 avgAreaI: 17.7617
Cell (3,21) faceJ1: 528 faceJ2: 553 avgAreaJ: 55.6595
Cell (4,21) faceI1: 529 faceI2: 530 avgAreaI: 17.7617
Cell (4,21) faceJ1: 529 faceJ2: 554 avgAreaJ: 27.1124
Cell (5,21) faceI1: 530 faceI2: 531 avgAreaI: 17.7617
Cell (5,21) faceJ1: 530 faceJ2: 555 avgAreaJ: 13.2068
Cell (6,21) faceI1: 531 faceI2: 532 avgAreaI: 17.7617
Cell (6,21) faceJ1: 531 faceJ2: 556 avgAreaJ: 6.43319
Cell (7,21) faceI1: 532 faceI2: 533 avgAreaI: 17.7617
Cell (7,21) faceJ1: 532 faceJ2: 557 avgAreaJ: 3.13369
Cell (8,21) faceI1: 533 faceI2: 534 avgAreaI: 17.7617
Cell (8,21) faceJ1: 533 faceJ2: 558 avgAreaJ: 1.52646
Cell (9,21) faceI1: 534 faceI2: 535 avgAreaI: 17.7617
Cell (9,21) faceJ1: 534 faceJ2: 559 avgAreaJ: 1.0
Cell (10,21) faceI1: 535 faceI2: 536 avgAreaI: 17.7617
Cell (10,21) faceJ1: 535 faceJ2: 560 avgAreaJ: 1.0
Cell (11,21) faceI1: 536 faceI2: 537 avgAreaI: 17.7617
Cell (11,21) faceJ1: 536 faceJ2: 561 avgAreaJ: 1.0
Cell (12,21) faceI1: 537 faceI2: 538 avgAreaI: 17.7617
Cell (12,21) faceJ1: 537 faceJ2: 562 avgAreaJ: 1.0
Cell (13,21) faceI1: 538 faceI2: 539 avgAreaI: 17.7617
Cell (13,21) faceJ1: 538 faceJ2: 563 avgAreaJ: 1.0
Cell (14,21) faceI1: 539 faceI2: 540 avgAreaI: 17.7617
Cell (14,21) faceJ1: 539 faceJ2: 564 avgAreaJ: 1.0
Cell (15,21) faceI1: 540 faceI2: 541 avgAreaI: 17.7617
Cell (15,21) faceJ1: 540 faceJ2: 565 avgAreaJ: 1.0
Cell (16,21) faceI1: 541 faceI2: 542 avgAreaI: 17.7617
Cell (16,21) faceJ1: 541 faceJ2: 566 avgAreaJ: 1.0
Cell (17,21) faceI1: 542 faceI2: 543 avgAreaI: 17.7617
Cell (17,21) faceJ1: 542 faceJ2: 567 avgAreaJ: 1.0
Cell (18,21) faceI1: 543 faceI2: 544 avgAreaI: 17.7617
Cell (18,21) faceJ1: 543 faceJ2: 568 avgAreaJ: 1.0
Cell (19,21) faceI1: 544 faceI2: 545 avgAreaI: 17.7617
Cell (19,21) faceJ1: 544 faceJ2: 569 avgAreaJ: 1.0
Cell (20,21) faceI1: 545 faceI2: 546 avgAreaI: 17.7617
Cell (20,21) faceJ1: 545 faceJ2: 570 avgAreaJ: 1.52646
Cell (21,21) faceI1: 546 faceI2: 547 avgAreaI: 17.7617
Cell (21,21) faceJ1: 546 faceJ2: 571 avgAreaJ: 3.13369
Cell (22,21) faceI1: 547 faceI2: 548 avgAreaI: 17.7617
Cell (22,21) faceJ1: 547 faceJ2: 572 avgAreaJ: 6.43319
Cell (23,21) faceI1: 548 faceI2: 549 avgAreaI: 17.7617
Cell (23,21) faceJ1: 548 faceJ2: 573 avgAreaJ: 13.2068
Cell (0,22) faceI1: 550 faceI2: 551 avgAreaI: 36.4632
Cell (0,22) faceJ1: 550 faceJ2: 575 avgAreaJ: 55.6595
Cell (1,22) faceI1: 551 faceI2: 552 avgAreaI: 36.4632
Cell (1,22) faceJ1: 551 faceJ2: 576 avgAreaJ: 74.8558
Cell (2,22) faceI1: 552 faceI2: 553 avgAreaI: 36.4632
Cell (2,22) faceJ1: 552 faceJ2: 577 avgAreaJ: 55.6595
Cell (3,22) faceI1: 553 faceI2: 554 avgAreaI: 36.4632
Cell (3,22) faceJ1: 553 faceJ2: 578 avgAreaJ: 27.1124
Cell (4,22) faceI1: 554 faceI2: 555 avgAreaI: 36.4632
Cell (4,22) faceJ1: 554 faceJ2: 579 avgAreaJ: 13.2068
Cell (5,22) faceI1: 555 faceI2: 556 avgAreaI: 36.4632
Cell (5,22) faceJ1: 555 faceJ2: 580 avgAreaJ: 6.43319
Cell (6,22) faceI1: 556 faceI2: 557 avgAreaI: 36.4632
Cell (6,22) faceJ1: 556 faceJ2: 581 avgAreaJ: 3.13369
Cell (7,22) faceI1: 557 faceI2: 558 avgAreaI: 36.4632
Cell (7,22) faceJ1: 557 faceJ2: 582 avgAreaJ: 1.52646
Cell (8,22) faceI1: 558 faceI2: 559 avgAreaI: 36.4632
Cell (8,22) faceJ1: 558 faceJ2: 583 avgAreaJ: 1.0
Cell (9,22) faceI1: 559 faceI2: 560 avgAreaI: 36.4632
Cell (9,22) faceJ1: 559 faceJ2: 584 avgAreaJ: 1.0
Cell (10,22) faceI1: 560 faceI2: 561 avgAreaI: 36.4632
Cell (10,22) faceJ1: 560 faceJ2: 585 avgAreaJ: 1.0
Cell (11,22) faceI1: 561 faceI2: 562 avgAreaI: 36.4632
Cell (11,22) faceJ1: 561 faceJ2: 586 avgAreaJ: 1.0
Cell (12,22) faceI1: 562 faceI2: 563 avgAreaI: 36.4632
Cell (12,22) faceJ1: 562 faceJ2: 587 avgAreaJ: 1.0
Cell (13,22) faceI1: 563 faceI2: 564 avgAreaI: 36.4632
Cell (13,22) faceJ1: 563 faceJ2: 588 avgAreaJ: 1.0
Cell (14,22) faceI1: 564 faceI2: 565 avgAreaI: 36.4632
Cell (14,22) faceJ1: 564 faceJ2: 589 avgAreaJ: 1.0
Cell (15,22) faceI1: 565 faceI2: 566 avgAreaI: 36.4632
Cell (15,22) faceJ1: 565 faceJ2: 590 avgAreaJ: 1.0
Cell (16,22) faceI1: 566 faceI2: 567 avgAreaI: 36.4632
Cell (16,22) faceJ1: 566 faceJ2: 591 avgAreaJ: 1.0
Cell (17,22) faceI1: 567 faceI2: 568 avgAreaI: 36.4632
Cell (17,22) faceJ1: 567 faceJ2: 592 avgAreaJ: 1.0
Cell (18,22) faceI1: 568 faceI2: 569 avgAreaI: 36.4632
Cell (18,22) faceJ1: 568 faceJ2: 593 avgAreaJ: 1.0
Cell (19,22) faceI1: 569 faceI2: 570 avgAreaI: 36.4632
Cell (19,22) faceJ1: 569 faceJ2: 594 avgAreaJ: 1.52646
Cell (20,22) faceI1: 570 faceI2: 571 avgAreaI: 36.4632
Cell (20,22) faceJ1: 570 faceJ2: 595 avgAreaJ: 3.13369
Cell (21,22) faceI1: 571 faceI2: 572 avgAreaI: 36.4632
Cell (21,22) faceJ1: 571 faceJ2: 596 avgAreaJ: 6.43319
Cell (22,22) faceI1: 572 faceI2: 573 avgAreaI: 36.4632
Cell (22,22) faceJ1: 572 faceJ2: 597 avgAreaJ: 13.2068
Cell (23,22) faceI1: 573 faceI2: 574 avgAreaI: 36.4632
Cell (23,22) faceJ1: 573 faceJ2: 598 avgAreaJ: 27.1124
Cell (0,23) faceI1: 575 faceI2: 576 avgAreaI: 74.8558
